<?xml version="1.0" encoding="utf-8"?><testsuites><testsuite errors="0" failures="0" hostname="tiago-Inspiron-5566" name="pytest" skipped="0" tests="4" time="2.517" timestamp="2020-07-13T16:17:15.729124"><testcase classname="test_submit" file="test_submit.py" line="3" name="test_q1" time="0.063"></testcase><testcase classname="test_submit" file="test_submit.py" line="8" name="test_q2" time="0.080"></testcase><testcase classname="test_submit" file="test_submit.py" line="13" name="test_q3" time="0.119"></testcase><testcase classname="test_submit" file="test_submit.py" line="18" name="test_q4" time="0.475"></testcase></testsuite></testsuites>